Using pre-set license
Built from '2021.1/staging' branch; Version is '2021.1.7f1 (d91830b65d9b) revision 14227504'; Using compiler version '192528614'; Build Type 'Release'
OS: 'Windows 10 Pro; OS build 19042.1348; Version 2009; 64bit' Language: 'en' Physical Memory: 65460 MB
BatchMode: 1, IsHumanControllingUs: 0, StartBugReporterOnCrash: 0, Is64bit: 1, IsPro: 0

 COMMAND LINE ARGUMENTS:
C:\Program Files\Unity\Hub\Editor\2021.1.7f1\Editor\Unity.exe
-adb2
-batchMode
-noUpm
-name
AssetImportWorker0
-projectPath
C:/UnityProjects/CardsOfExpanding
-logFile
Logs/AssetImportWorker0.log
-srvPort
51392
Successfully changed project path to: C:/UnityProjects/CardsOfExpanding
C:/UnityProjects/CardsOfExpanding
Using Asset Import Pipeline V2.
Refreshing native plugins compatible for Editor in 106.02 ms, found 1 plugins.
Preloading 0 native plugins for Editor in 0.00 ms.
Initialize engine version: 2021.1.7f1 (d91830b65d9b)
[Subsystems] Discovering subsystems at path C:/Program Files/Unity/Hub/Editor/2021.1.7f1/Editor/Data/Resources/UnitySubsystems
[Subsystems] Discovering subsystems at path C:/UnityProjects/CardsOfExpanding/Assets
GfxDevice: creating device client; threaded=0; jobified=0
Direct3D:
    Version:  Direct3D 11.0 [level 11.1]
    Renderer: NVIDIA GeForce GTX 1660 Ti (ID=0x2182)
    Vendor:   NVIDIA
    VRAM:     5991 MB
    Driver:   30.0.14.7141
Initialize mono
Mono path[0] = 'C:/Program Files/Unity/Hub/Editor/2021.1.7f1/Editor/Data/Managed'
Mono path[1] = 'C:/Program Files/Unity/Hub/Editor/2021.1.7f1/Editor/Data/MonoBleedingEdge/lib/mono/unityjit'
Mono config path = 'C:/Program Files/Unity/Hub/Editor/2021.1.7f1/Editor/Data/MonoBleedingEdge/etc'
Using monoOptions --debugger-agent=transport=dt_socket,embedding=1,server=y,suspend=n,address=127.0.0.1:56464
Begin MonoManager ReloadAssembly
Registering precompiled unity dll's ...
Register platform support module: C:/Program Files/Unity/Hub/Editor/2021.1.7f1/Editor/Data/PlaybackEngines/WindowsStandaloneSupport/UnityEditor.WindowsStandalone.Extensions.dll
Registered in 0.001739 seconds.
Native extension for WindowsStandalone target not found
Refreshing native plugins compatible for Editor in 109.36 ms, found 1 plugins.
Preloading 0 native plugins for Editor in 0.00 ms.
Mono: successfully reloaded assembly
- Completed reload, in  1.808 seconds
Platform modules already initialized, skipping
Registering precompiled user dll's ...
Registered in 0.002384 seconds.
Begin MonoManager ReloadAssembly
Symbol file LoadedFromMemory doesn't match image C:\UnityProjects\CardsOfExpanding\Library\PackageCache\com.unity.visualscripting@1.6.1\Editor\VisualScripting.Core\Dependencies\YamlDotNet\Unity.VisualScripting.YamlDotNet.dll
Symbol file LoadedFromMemory doesn't match image C:\UnityProjects\CardsOfExpanding\Library\PackageCache\com.unity.visualscripting@1.6.1\Editor\VisualScripting.Core\Dependencies\DotNetZip\Unity.VisualScripting.IonicZip.dll
Native extension for WindowsStandalone target not found
Refreshing native plugins compatible for Editor in 110.42 ms, found 1 plugins.
Preloading 0 native plugins for Editor in 0.00 ms.
Mono: successfully reloaded assembly
- Completed reload, in  1.362 seconds
Platform modules already initialized, skipping
========================================================================
Worker process is ready to serve import requests
Shader 'Universal Render Pipeline/Particles/Lit': fallback shader 'Universal Render Pipeline/Particles/SimpleLit' not found
Shader 'Universal Render Pipeline/Particles/Lit': fallback shader 'Universal Render Pipeline/Particles/SimpleLit' not found
Launched and connected shader compiler UnityShaderCompiler.exe after 0.04 seconds
Refreshing native plugins compatible for Editor in 1.21 ms, found 1 plugins.
Preloading 0 native plugins for Editor in 0.00 ms.
Unloading 5216 Unused Serialized files (Serialized files now loaded: 0)
System memory in use before: 204.5 MB.
System memory in use after: 203.0 MB.

Unloading 143 unused Assets to reduce memory usage. Loaded Objects now: 5630.
Total: 4.146700 ms (FindLiveObjects: 0.608200 ms CreateObjectMapping: 0.137000 ms MarkObjects: 2.469800 ms  DeleteObjects: 0.930700 ms)

========================================================================
Received Import Request.
  path: Assets/Prefabs/HexGrids/HexGrid.prefab
  artifactKey: Guid(0c5c7d08fdfc2ad418aeed4b0aca5ce7) Importer(815301076,1909f56bfc062723c751e8b465ee728b)
Start importing Assets/Prefabs/HexGrids/HexGrid.prefab using Guid(0c5c7d08fdfc2ad418aeed4b0aca5ce7) Importer(815301076,1909f56bfc062723c751e8b465ee728b) NullReferenceException: An instance of HexGridPropertiesManager is needed in the scene, but there is none.
  at Singleton`1[T].get_Instance () [0x00042] in C:\UnityProjects\CardsOfExpanding\Assets\Scripts\Tools\Singleton.cs:18 
  at HexGridBehaviour.OnValidate () [0x00001] in C:\UnityProjects\CardsOfExpanding\Assets\Scripts\HexGrid\HexGridBehaviour.cs:15 

(Filename: Assets/Scripts/Tools/Singleton.cs Line: 18)

 -> (artifact id: '17e76fea3a0427843f6aa76203270a61') in 0.062914 seconds 
========================================================================
Received Import Request.
  Time since last request: 16.012095 seconds.
  path: Assets/Prefabs/HexGrids/HexGrid_Plane.prefab
  artifactKey: Guid(8fb0839e1be276c4ca3e75c2eafcd92a) Importer(815301076,1909f56bfc062723c751e8b465ee728b)
Start importing Assets/Prefabs/HexGrids/HexGrid_Plane.prefab using Guid(8fb0839e1be276c4ca3e75c2eafcd92a) Importer(815301076,1909f56bfc062723c751e8b465ee728b)  -> (artifact id: 'bea472a0a12b88afcfae6203c5b83fd1') in 0.007738 seconds 
========================================================================
Received Prepare
Registering precompiled user dll's ...
Registered in 0.002974 seconds.
Begin MonoManager ReloadAssembly
Symbol file LoadedFromMemory doesn't match image C:\UnityProjects\CardsOfExpanding\Library\PackageCache\com.unity.visualscripting@1.6.1\Editor\VisualScripting.Core\Dependencies\YamlDotNet\Unity.VisualScripting.YamlDotNet.dll
Symbol file LoadedFromMemory doesn't match image C:\UnityProjects\CardsOfExpanding\Library\PackageCache\com.unity.visualscripting@1.6.1\Editor\VisualScripting.Core\Dependencies\DotNetZip\Unity.VisualScripting.IonicZip.dll
Native extension for WindowsStandalone target not found
Refreshing native plugins compatible for Editor in 1.09 ms, found 1 plugins.
Preloading 0 native plugins for Editor in 0.00 ms.
Warning: Annotation not found!
UnityEngine.StackTraceUtility:ExtractStackTrace ()
UnityEditor.ProBuilder.EditorUtility:SetGizmoIconEnabled (System.Type,bool) (at Library/PackageCache/com.unity.probuilder@5.0.3/Editor/EditorCore/EditorUtility.cs:575)
UnityEditor.ProBuilder.HierarchyListener:.cctor () (at Library/PackageCache/com.unity.probuilder@5.0.3/Editor/EditorCore/HierarchyListener.cs:21)
System.Runtime.CompilerServices.RuntimeHelpers:RunClassConstructor (System.RuntimeTypeHandle)
UnityEditor.EditorAssemblies:ProcessInitializeOnLoadAttributes (System.Type[])

[Library/PackageCache/com.unity.probuilder@5.0.3/Editor/EditorCore/EditorUtility.cs line 575]

Mono: successfully reloaded assembly
- Completed reload, in  1.015 seconds
Platform modules already initialized, skipping
Shader 'Universal Render Pipeline/Particles/Lit': fallback shader 'Universal Render Pipeline/Particles/SimpleLit' not found
Shader 'Universal Render Pipeline/Particles/Lit': fallback shader 'Universal Render Pipeline/Particles/SimpleLit' not found
Refreshing native plugins compatible for Editor in 1.13 ms, found 1 plugins.
Preloading 0 native plugins for Editor in 0.00 ms.
Unloading 5072 Unused Serialized files (Serialized files now loaded: 0)
System memory in use before: 196.0 MB.
System memory in use after: 194.5 MB.

Unloading 40 unused Assets to reduce memory usage. Loaded Objects now: 5633.
Total: 3.986000 ms (FindLiveObjects: 0.509500 ms CreateObjectMapping: 0.138500 ms MarkObjects: 2.533500 ms  DeleteObjects: 0.803500 ms)

========================================================================
Received Import Request.
  Time since last request: 331.082568 seconds.
  path: Assets/Prefabs/HexGrids/HexRing.prefab
  artifactKey: Guid(8d0b72ce60ba87942ade996f083b9291) Importer(815301076,1909f56bfc062723c751e8b465ee728b)
Start importing Assets/Prefabs/HexGrids/HexRing.prefab using Guid(8d0b72ce60ba87942ade996f083b9291) Importer(815301076,1909f56bfc062723c751e8b465ee728b)  -> (artifact id: '79383a5b431667d896d34b7168f2bc0b') in 0.053932 seconds 
========================================================================
Received Import Request.
  Time since last request: 123.180956 seconds.
  path: Assets/Prefabs/GameItems/Berries.prefab
  artifactKey: Guid(a804a68c26b14a242bfb0bd523b3a01d) Importer(815301076,1909f56bfc062723c751e8b465ee728b)
Start importing Assets/Prefabs/GameItems/Berries.prefab using Guid(a804a68c26b14a242bfb0bd523b3a01d) Importer(815301076,1909f56bfc062723c751e8b465ee728b)  -> (artifact id: '36c6478221778d7d00df78517f0fd159') in 0.159470 seconds 
========================================================================
Received Import Request.
  Time since last request: 0.387422 seconds.
  path: Assets/Prefabs/GameItems/BuildingPrototype.prefab
  artifactKey: Guid(680feafe94a1e8a4f8cbd36ff3ffeecd) Importer(815301076,1909f56bfc062723c751e8b465ee728b)
Start importing Assets/Prefabs/GameItems/BuildingPrototype.prefab using Guid(680feafe94a1e8a4f8cbd36ff3ffeecd) Importer(815301076,1909f56bfc062723c751e8b465ee728b)  -> (artifact id: '54272820f994de111f1471982c0c980a') in 0.051904 seconds 
========================================================================
Received Import Request.
  Time since last request: 58.808087 seconds.
  path: Assets/Prefabs/GameItems/Empty.prefab
  artifactKey: Guid(bba116c18ee9c8c47abd7613c60473b4) Importer(815301076,1909f56bfc062723c751e8b465ee728b)
Start importing Assets/Prefabs/GameItems/Empty.prefab using Guid(bba116c18ee9c8c47abd7613c60473b4) Importer(815301076,1909f56bfc062723c751e8b465ee728b)  -> (artifact id: 'eb20b4f26743f35873a57b4392b64f23') in 0.007873 seconds 
========================================================================
Received Prepare
Registering precompiled user dll's ...
Registered in 0.002967 seconds.
Begin MonoManager ReloadAssembly
Symbol file LoadedFromMemory doesn't match image C:\UnityProjects\CardsOfExpanding\Library\PackageCache\com.unity.visualscripting@1.6.1\Editor\VisualScripting.Core\Dependencies\YamlDotNet\Unity.VisualScripting.YamlDotNet.dll
Symbol file LoadedFromMemory doesn't match image C:\UnityProjects\CardsOfExpanding\Library\PackageCache\com.unity.visualscripting@1.6.1\Editor\VisualScripting.Core\Dependencies\DotNetZip\Unity.VisualScripting.IonicZip.dll
Native extension for WindowsStandalone target not found
Refreshing native plugins compatible for Editor in 1.10 ms, found 1 plugins.
Preloading 0 native plugins for Editor in 0.00 ms.
Warning: Annotation not found!
UnityEngine.StackTraceUtility:ExtractStackTrace ()
UnityEditor.ProBuilder.EditorUtility:SetGizmoIconEnabled (System.Type,bool) (at Library/PackageCache/com.unity.probuilder@5.0.3/Editor/EditorCore/EditorUtility.cs:575)
UnityEditor.ProBuilder.HierarchyListener:.cctor () (at Library/PackageCache/com.unity.probuilder@5.0.3/Editor/EditorCore/HierarchyListener.cs:21)
System.Runtime.CompilerServices.RuntimeHelpers:RunClassConstructor (System.RuntimeTypeHandle)
UnityEditor.EditorAssemblies:ProcessInitializeOnLoadAttributes (System.Type[])

[Library/PackageCache/com.unity.probuilder@5.0.3/Editor/EditorCore/EditorUtility.cs line 575]

Mono: successfully reloaded assembly
- Completed reload, in  1.054 seconds
Platform modules already initialized, skipping
Shader 'Universal Render Pipeline/Particles/Lit': fallback shader 'Universal Render Pipeline/Particles/SimpleLit' not found
Shader 'Universal Render Pipeline/Particles/Lit': fallback shader 'Universal Render Pipeline/Particles/SimpleLit' not found
Refreshing native plugins compatible for Editor in 1.09 ms, found 1 plugins.
Preloading 0 native plugins for Editor in 0.00 ms.
Unloading 5072 Unused Serialized files (Serialized files now loaded: 0)
System memory in use before: 201.6 MB.
System memory in use after: 200.2 MB.

Unloading 40 unused Assets to reduce memory usage. Loaded Objects now: 5682.
Total: 3.992000 ms (FindLiveObjects: 0.539100 ms CreateObjectMapping: 0.138400 ms MarkObjects: 2.532600 ms  DeleteObjects: 0.780400 ms)

========================================================================
Received Prepare
Registering precompiled user dll's ...
Registered in 0.002864 seconds.
Begin MonoManager ReloadAssembly
Symbol file LoadedFromMemory doesn't match image C:\UnityProjects\CardsOfExpanding\Library\PackageCache\com.unity.visualscripting@1.6.1\Editor\VisualScripting.Core\Dependencies\YamlDotNet\Unity.VisualScripting.YamlDotNet.dll
Symbol file LoadedFromMemory doesn't match image C:\UnityProjects\CardsOfExpanding\Library\PackageCache\com.unity.visualscripting@1.6.1\Editor\VisualScripting.Core\Dependencies\DotNetZip\Unity.VisualScripting.IonicZip.dll
Native extension for WindowsStandalone target not found
Refreshing native plugins compatible for Editor in 1.08 ms, found 1 plugins.
Preloading 0 native plugins for Editor in 0.00 ms.
Warning: Annotation not found!
UnityEngine.StackTraceUtility:ExtractStackTrace ()
UnityEditor.ProBuilder.EditorUtility:SetGizmoIconEnabled (System.Type,bool) (at Library/PackageCache/com.unity.probuilder@5.0.3/Editor/EditorCore/EditorUtility.cs:575)
UnityEditor.ProBuilder.HierarchyListener:.cctor () (at Library/PackageCache/com.unity.probuilder@5.0.3/Editor/EditorCore/HierarchyListener.cs:21)
System.Runtime.CompilerServices.RuntimeHelpers:RunClassConstructor (System.RuntimeTypeHandle)
UnityEditor.EditorAssemblies:ProcessInitializeOnLoadAttributes (System.Type[])

[Library/PackageCache/com.unity.probuilder@5.0.3/Editor/EditorCore/EditorUtility.cs line 575]

Mono: successfully reloaded assembly
- Completed reload, in  1.028 seconds
Platform modules already initialized, skipping
Shader 'Universal Render Pipeline/Particles/Lit': fallback shader 'Universal Render Pipeline/Particles/SimpleLit' not found
Shader 'Universal Render Pipeline/Particles/Lit': fallback shader 'Universal Render Pipeline/Particles/SimpleLit' not found
Refreshing native plugins compatible for Editor in 1.19 ms, found 1 plugins.
Preloading 0 native plugins for Editor in 0.00 ms.
Unloading 5072 Unused Serialized files (Serialized files now loaded: 0)
System memory in use before: 201.7 MB.
System memory in use after: 200.3 MB.

Unloading 40 unused Assets to reduce memory usage. Loaded Objects now: 5685.
Total: 4.178200 ms (FindLiveObjects: 0.599300 ms CreateObjectMapping: 0.140700 ms MarkObjects: 2.589500 ms  DeleteObjects: 0.847100 ms)

========================================================================
Received Prepare
Registering precompiled user dll's ...
Registered in 0.002947 seconds.
Begin MonoManager ReloadAssembly
Symbol file LoadedFromMemory doesn't match image C:\UnityProjects\CardsOfExpanding\Library\PackageCache\com.unity.visualscripting@1.6.1\Editor\VisualScripting.Core\Dependencies\YamlDotNet\Unity.VisualScripting.YamlDotNet.dll
Symbol file LoadedFromMemory doesn't match image C:\UnityProjects\CardsOfExpanding\Library\PackageCache\com.unity.visualscripting@1.6.1\Editor\VisualScripting.Core\Dependencies\DotNetZip\Unity.VisualScripting.IonicZip.dll
Native extension for WindowsStandalone target not found
Refreshing native plugins compatible for Editor in 1.10 ms, found 1 plugins.
Preloading 0 native plugins for Editor in 0.00 ms.
Warning: Annotation not found!
UnityEngine.StackTraceUtility:ExtractStackTrace ()
UnityEditor.ProBuilder.EditorUtility:SetGizmoIconEnabled (System.Type,bool) (at Library/PackageCache/com.unity.probuilder@5.0.3/Editor/EditorCore/EditorUtility.cs:575)
UnityEditor.ProBuilder.HierarchyListener:.cctor () (at Library/PackageCache/com.unity.probuilder@5.0.3/Editor/EditorCore/HierarchyListener.cs:21)
System.Runtime.CompilerServices.RuntimeHelpers:RunClassConstructor (System.RuntimeTypeHandle)
UnityEditor.EditorAssemblies:ProcessInitializeOnLoadAttributes (System.Type[])

[Library/PackageCache/com.unity.probuilder@5.0.3/Editor/EditorCore/EditorUtility.cs line 575]

Mono: successfully reloaded assembly
- Completed reload, in  1.025 seconds
Platform modules already initialized, skipping
Shader 'Universal Render Pipeline/Particles/Lit': fallback shader 'Universal Render Pipeline/Particles/SimpleLit' not found
Shader 'Universal Render Pipeline/Particles/Lit': fallback shader 'Universal Render Pipeline/Particles/SimpleLit' not found
Refreshing native plugins compatible for Editor in 1.11 ms, found 1 plugins.
Preloading 0 native plugins for Editor in 0.00 ms.
Unloading 5072 Unused Serialized files (Serialized files now loaded: 0)
System memory in use before: 201.6 MB.
System memory in use after: 200.2 MB.

Unloading 40 unused Assets to reduce memory usage. Loaded Objects now: 5688.
Total: 4.125600 ms (FindLiveObjects: 0.574200 ms CreateObjectMapping: 0.156300 ms MarkObjects: 2.547900 ms  DeleteObjects: 0.846500 ms)

========================================================================
Received Import Request.
  Time since last request: 903.680579 seconds.
  path: Assets/Prefabs/GameItems/Trees.prefab
  artifactKey: Guid(5be905952f0d4154ea6fda6f98553318) Importer(815301076,1909f56bfc062723c751e8b465ee728b)
Start importing Assets/Prefabs/GameItems/Trees.prefab using Guid(5be905952f0d4154ea6fda6f98553318) Importer(815301076,1909f56bfc062723c751e8b465ee728b)  -> (artifact id: 'facec419d7989de7d40f833989ec262f') in 0.182092 seconds 
========================================================================
Received Import Request.
  Time since last request: 44.055496 seconds.
  path: Assets/Materials/Shaders
  artifactKey: Guid(afc9f2e9f991f414e884c1bd303078bf) Importer(815301076,1909f56bfc062723c751e8b465ee728b)
Start importing Assets/Materials/Shaders using Guid(afc9f2e9f991f414e884c1bd303078bf) Importer(815301076,1909f56bfc062723c751e8b465ee728b)  -> (artifact id: '7d9efb95243b5085ec162837de42b65f') in 0.006490 seconds 
========================================================================
Received Import Request.
  Time since last request: 32.039232 seconds.
  path: Assets/Materials/Shaders/Trees.shadergraph
  artifactKey: Guid(1cd82de8ad13acb4c8c0e08fbfe5928f) Importer(815301076,1909f56bfc062723c751e8b465ee728b)
Start importing Assets/Materials/Shaders/Trees.shadergraph using Guid(1cd82de8ad13acb4c8c0e08fbfe5928f) Importer(815301076,1909f56bfc062723c751e8b465ee728b)  -> (artifact id: 'f2feeb99ab13408d5d4944d9816b0d10') in 0.005502 seconds 
========================================================================
Received Import Request.
  Time since last request: 30.755455 seconds.
  path: Assets/Prefabs/GameItems/House.prefab
  artifactKey: Guid(627622a22d0285644940ea98f65dc01a) Importer(815301076,1909f56bfc062723c751e8b465ee728b)
Start importing Assets/Prefabs/GameItems/House.prefab using Guid(627622a22d0285644940ea98f65dc01a) Importer(815301076,1909f56bfc062723c751e8b465ee728b)  -> (artifact id: '4059d47e29e61826e52bb999f8aa6bba') in 0.016936 seconds 
========================================================================
Received Import Request.
  Time since last request: 290.186306 seconds.
  path: Assets/Materials/GroundMats/Gravel.mat
  artifactKey: Guid(b384b1f0938ded048840534bd9a05d84) Importer(815301076,1909f56bfc062723c751e8b465ee728b)
Start importing Assets/Materials/GroundMats/Gravel.mat using Guid(b384b1f0938ded048840534bd9a05d84) Importer(815301076,1909f56bfc062723c751e8b465ee728b)  -> (artifact id: 'be9d703a4927ba3b862fb6326f5d7118') in 0.037697 seconds 
========================================================================
Received Import Request.
  Time since last request: 0.000251 seconds.
  path: Assets/BlenderModels/BlenderMats/GreenTop.mat
  artifactKey: Guid(6e7f8edc1e115244ca48f7098e0a2552) Importer(815301076,1909f56bfc062723c751e8b465ee728b)
Start importing Assets/BlenderModels/BlenderMats/GreenTop.mat using Guid(6e7f8edc1e115244ca48f7098e0a2552) Importer(815301076,1909f56bfc062723c751e8b465ee728b)  -> (artifact id: '00a51d1de4e35214340002719eb4f2fd') in 0.042041 seconds 
========================================================================
Received Import Request.
  Time since last request: 0.000240 seconds.
  path: Assets/BlenderModels/BlenderMats/Green.mat
  artifactKey: Guid(ac5c3d7a3c04f4e41af115062a3170b7) Importer(815301076,1909f56bfc062723c751e8b465ee728b)
Start importing Assets/BlenderModels/BlenderMats/Green.mat using Guid(ac5c3d7a3c04f4e41af115062a3170b7) Importer(815301076,1909f56bfc062723c751e8b465ee728b)  -> (artifact id: '7781143102cd4bdf69b8be84e59b6d4b') in 0.038642 seconds 
========================================================================
Received Prepare
Registering precompiled user dll's ...
Registered in 0.002884 seconds.
Begin MonoManager ReloadAssembly
Symbol file LoadedFromMemory doesn't match image C:\UnityProjects\CardsOfExpanding\Library\PackageCache\com.unity.visualscripting@1.6.1\Editor\VisualScripting.Core\Dependencies\YamlDotNet\Unity.VisualScripting.YamlDotNet.dll
Symbol file LoadedFromMemory doesn't match image C:\UnityProjects\CardsOfExpanding\Library\PackageCache\com.unity.visualscripting@1.6.1\Editor\VisualScripting.Core\Dependencies\DotNetZip\Unity.VisualScripting.IonicZip.dll
Native extension for WindowsStandalone target not found
Refreshing native plugins compatible for Editor in 1.10 ms, found 1 plugins.
Preloading 0 native plugins for Editor in 0.00 ms.
Warning: Annotation not found!
UnityEngine.StackTraceUtility:ExtractStackTrace ()
UnityEditor.ProBuilder.EditorUtility:SetGizmoIconEnabled (System.Type,bool) (at Library/PackageCache/com.unity.probuilder@5.0.3/Editor/EditorCore/EditorUtility.cs:575)
UnityEditor.ProBuilder.HierarchyListener:.cctor () (at Library/PackageCache/com.unity.probuilder@5.0.3/Editor/EditorCore/HierarchyListener.cs:21)
System.Runtime.CompilerServices.RuntimeHelpers:RunClassConstructor (System.RuntimeTypeHandle)
UnityEditor.EditorAssemblies:ProcessInitializeOnLoadAttributes (System.Type[])

[Library/PackageCache/com.unity.probuilder@5.0.3/Editor/EditorCore/EditorUtility.cs line 575]

Mono: successfully reloaded assembly
- Completed reload, in  1.021 seconds
Platform modules already initialized, skipping
Shader 'Universal Render Pipeline/Particles/Lit': fallback shader 'Universal Render Pipeline/Particles/SimpleLit' not found
Shader 'Universal Render Pipeline/Particles/Lit': fallback shader 'Universal Render Pipeline/Particles/SimpleLit' not found
Refreshing native plugins compatible for Editor in 1.12 ms, found 1 plugins.
Preloading 0 native plugins for Editor in 0.00 ms.
Unloading 5072 Unused Serialized files (Serialized files now loaded: 0)
System memory in use before: 202.2 MB.
System memory in use after: 200.8 MB.

Unloading 40 unused Assets to reduce memory usage. Loaded Objects now: 5759.
Total: 4.259100 ms (FindLiveObjects: 0.546200 ms CreateObjectMapping: 0.138800 ms MarkObjects: 2.735600 ms  DeleteObjects: 0.837500 ms)

========================================================================
Received Import Request.
  Time since last request: 1265.324644 seconds.
  path: Assets/TextMesh Pro/Sprites/EmojiOne.png
  artifactKey: Guid(dffef66376be4fa480fb02b19edbe903) Importer(815301076,1909f56bfc062723c751e8b465ee728b)
Start importing Assets/TextMesh Pro/Sprites/EmojiOne.png using Guid(dffef66376be4fa480fb02b19edbe903) Importer(815301076,1909f56bfc062723c751e8b465ee728b)  -> (artifact id: '314e6bf45b9f4895cb6b37f7f5ba15b5') in 0.081239 seconds 
========================================================================
Received Import Request.
  Time since last request: 0.000250 seconds.
  path: Assets/Textures/GravelNormal.png
  artifactKey: Guid(cd44e85763f6e4942bc1aedb474c3236) Importer(815301076,1909f56bfc062723c751e8b465ee728b)
Start importing Assets/Textures/GravelNormal.png using Guid(cd44e85763f6e4942bc1aedb474c3236) Importer(815301076,1909f56bfc062723c751e8b465ee728b)  -> (artifact id: '66ae4c106e4753b97e4f5d86958caa36') in 0.015422 seconds 
========================================================================
Received Import Request.
  Time since last request: 68.394487 seconds.
  path: Assets/Textures/RampTexture.png
  artifactKey: Guid(4328be2d304dfc34186eb77882f3e249) Importer(815301076,1909f56bfc062723c751e8b465ee728b)
Start importing Assets/Textures/RampTexture.png using Guid(4328be2d304dfc34186eb77882f3e249) Importer(815301076,1909f56bfc062723c751e8b465ee728b)  -> (artifact id: '9a563547cbfe95fa45e2716a8fd63641') in 0.010268 seconds 
========================================================================
Received Import Request.
  Time since last request: 200.196228 seconds.
  path: Assets/Textures/RampTexture2.png
  artifactKey: Guid(45a0a9711eb5c6749829027d025117fb) Importer(815301076,1909f56bfc062723c751e8b465ee728b)
Start importing Assets/Textures/RampTexture2.png using Guid(45a0a9711eb5c6749829027d025117fb) Importer(815301076,1909f56bfc062723c751e8b465ee728b)  -> (artifact id: 'cdeef1a7724719300b2df55f95c86c85') in 0.009571 seconds 
========================================================================
Received Import Request.
  Time since last request: 19.775357 seconds.
  path: Assets/Textures/RampTexture2.png
  artifactKey: Guid(45a0a9711eb5c6749829027d025117fb) Importer(815301076,1909f56bfc062723c751e8b465ee728b)
Start importing Assets/Textures/RampTexture2.png using Guid(45a0a9711eb5c6749829027d025117fb) Importer(815301076,1909f56bfc062723c751e8b465ee728b)  -> (artifact id: '5ffb1682f71e7a24bd29f4bde5337253') in 0.009043 seconds 
========================================================================
Received Prepare
Registering precompiled user dll's ...
Registered in 0.003033 seconds.
Begin MonoManager ReloadAssembly
Symbol file LoadedFromMemory doesn't match image C:\UnityProjects\CardsOfExpanding\Library\PackageCache\com.unity.visualscripting@1.6.1\Editor\VisualScripting.Core\Dependencies\YamlDotNet\Unity.VisualScripting.YamlDotNet.dll
Symbol file LoadedFromMemory doesn't match image C:\UnityProjects\CardsOfExpanding\Library\PackageCache\com.unity.visualscripting@1.6.1\Editor\VisualScripting.Core\Dependencies\DotNetZip\Unity.VisualScripting.IonicZip.dll
Native extension for WindowsStandalone target not found
Refreshing native plugins compatible for Editor in 1.10 ms, found 1 plugins.
Preloading 0 native plugins for Editor in 0.00 ms.
Warning: Annotation not found!
UnityEngine.StackTraceUtility:ExtractStackTrace ()
UnityEditor.ProBuilder.EditorUtility:SetGizmoIconEnabled (System.Type,bool) (at Library/PackageCache/com.unity.probuilder@5.0.3/Editor/EditorCore/EditorUtility.cs:575)
UnityEditor.ProBuilder.HierarchyListener:.cctor () (at Library/PackageCache/com.unity.probuilder@5.0.3/Editor/EditorCore/HierarchyListener.cs:21)
System.Runtime.CompilerServices.RuntimeHelpers:RunClassConstructor (System.RuntimeTypeHandle)
UnityEditor.EditorAssemblies:ProcessInitializeOnLoadAttributes (System.Type[])

[Library/PackageCache/com.unity.probuilder@5.0.3/Editor/EditorCore/EditorUtility.cs line 575]

Mono: successfully reloaded assembly
- Completed reload, in  1.046 seconds
Platform modules already initialized, skipping
Shader 'Universal Render Pipeline/Particles/Lit': fallback shader 'Universal Render Pipeline/Particles/SimpleLit' not found
Shader 'Universal Render Pipeline/Particles/Lit': fallback shader 'Universal Render Pipeline/Particles/SimpleLit' not found
Refreshing native plugins compatible for Editor in 1.52 ms, found 1 plugins.
Preloading 0 native plugins for Editor in 0.00 ms.
Unloading 5076 Unused Serialized files (Serialized files now loaded: 0)
System memory in use before: 204.9 MB.
System memory in use after: 203.5 MB.

Unloading 40 unused Assets to reduce memory usage. Loaded Objects now: 5843.
Total: 5.328400 ms (FindLiveObjects: 0.694600 ms CreateObjectMapping: 0.174000 ms MarkObjects: 3.460500 ms  DeleteObjects: 0.998000 ms)

========================================================================
Received Import Request.
  Time since last request: 687.999041 seconds.
  path: Assets/Textures/ramp8.png
  artifactKey: Guid(15ab6f68adaee3d4e8e5b1fc6470526c) Importer(815301076,1909f56bfc062723c751e8b465ee728b)
Start importing Assets/Textures/ramp8.png using Guid(15ab6f68adaee3d4e8e5b1fc6470526c) Importer(815301076,1909f56bfc062723c751e8b465ee728b)  -> (artifact id: '3f2d6811dc79b74a1b03e6ef313df83d') in 0.046104 seconds 
========================================================================
Received Import Request.
  Time since last request: 35.808385 seconds.
  path: Assets/Textures/ramp8.png
  artifactKey: Guid(15ab6f68adaee3d4e8e5b1fc6470526c) Importer(815301076,1909f56bfc062723c751e8b465ee728b)
Start importing Assets/Textures/ramp8.png using Guid(15ab6f68adaee3d4e8e5b1fc6470526c) Importer(815301076,1909f56bfc062723c751e8b465ee728b)  -> (artifact id: '3127a4eb4ce094237cb0f16375e76d85') in 0.006267 seconds 
========================================================================
Received Import Request.
  Time since last request: 29.312779 seconds.
  path: Assets/Textures/ramp8.png
  artifactKey: Guid(15ab6f68adaee3d4e8e5b1fc6470526c) Importer(815301076,1909f56bfc062723c751e8b465ee728b)
Start importing Assets/Textures/ramp8.png using Guid(15ab6f68adaee3d4e8e5b1fc6470526c) Importer(815301076,1909f56bfc062723c751e8b465ee728b)  -> (artifact id: '3caac36fbd8e5085fbadab0435154a04') in 0.006166 seconds 
========================================================================
Received Import Request.
  Time since last request: 6.135442 seconds.
  path: Assets/Textures/ramp8.png
  artifactKey: Guid(15ab6f68adaee3d4e8e5b1fc6470526c) Importer(815301076,1909f56bfc062723c751e8b465ee728b)
Start importing Assets/Textures/ramp8.png using Guid(15ab6f68adaee3d4e8e5b1fc6470526c) Importer(815301076,1909f56bfc062723c751e8b465ee728b)  -> (artifact id: 'f268f0e473f34bb51c2b1c5087e7d149') in 0.006548 seconds 
========================================================================
Received Import Request.
  Time since last request: 5505.777117 seconds.
  path: Assets/BlenderModels/Berries.fbx
  artifactKey: Guid(4a0bb0b29e23e9f4e9cf52074bccaa5f) Importer(815301076,1909f56bfc062723c751e8b465ee728b)
Start importing Assets/BlenderModels/Berries.fbx using Guid(4a0bb0b29e23e9f4e9cf52074bccaa5f) Importer(815301076,1909f56bfc062723c751e8b465ee728b)  -> (artifact id: 'bb8e07fa3dfaca649ba98cdfe0901def') in 0.203197 seconds 
========================================================================
Received Import Request.
  Time since last request: 339.528059 seconds.
  path: Assets/BlenderModels/BlenderMats/Berries.mat
  artifactKey: Guid(1ee9c9910234dac4db7dad80feb188a4) Importer(815301076,1909f56bfc062723c751e8b465ee728b)
Start importing Assets/BlenderModels/BlenderMats/Berries.mat using Guid(1ee9c9910234dac4db7dad80feb188a4) Importer(815301076,1909f56bfc062723c751e8b465ee728b)  -> (artifact id: '8a74d624d5cff45b3e0242c77bf8e9ce') in 0.022090 seconds 
========================================================================
Received Import Request.
  Time since last request: 0.000185 seconds.
  path: Assets/BlenderModels/BlenderMats/TreeGreen.mat
  artifactKey: Guid(ac5c3d7a3c04f4e41af115062a3170b7) Importer(815301076,1909f56bfc062723c751e8b465ee728b)
Start importing Assets/BlenderModels/BlenderMats/TreeGreen.mat using Guid(ac5c3d7a3c04f4e41af115062a3170b7) Importer(815301076,1909f56bfc062723c751e8b465ee728b)  -> (artifact id: '387b1e5fafee7b25809cd4eb726c74c0') in 0.027638 seconds 
========================================================================
Received Import Request.
  Time since last request: 0.000267 seconds.
  path: Assets/BlenderModels/BlenderMats/Roof.mat
  artifactKey: Guid(9243ef07d06de1d46a9de43efa44b9a9) Importer(815301076,1909f56bfc062723c751e8b465ee728b)
Start importing Assets/BlenderModels/BlenderMats/Roof.mat using Guid(9243ef07d06de1d46a9de43efa44b9a9) Importer(815301076,1909f56bfc062723c751e8b465ee728b)  -> (artifact id: 'cd9bea87b168e07d0a6a358b2d8a9ed7') in 0.012051 seconds 
AssetImportWorkerClient::OnTransportError - code=2 error=End of file
