Using pre-set license
Built from '2021.1/staging' branch; Version is '2021.1.7f1 (d91830b65d9b) revision 14227504'; Using compiler version '192528614'; Build Type 'Release'
OS: 'Windows 10 Pro; OS build 19042.1348; Version 2009; 64bit' Language: 'en' Physical Memory: 65460 MB
BatchMode: 1, IsHumanControllingUs: 0, StartBugReporterOnCrash: 0, Is64bit: 1, IsPro: 0

 COMMAND LINE ARGUMENTS:
C:\Program Files\Unity\Hub\Editor\2021.1.7f1\Editor\Unity.exe
-adb2
-batchMode
-noUpm
-name
AssetImportWorker0
-projectPath
C:/UnityProjects/CardsOfExpanding
-logFile
Logs/AssetImportWorker0.log
-srvPort
57021
Successfully changed project path to: C:/UnityProjects/CardsOfExpanding
C:/UnityProjects/CardsOfExpanding
Using Asset Import Pipeline V2.
Refreshing native plugins compatible for Editor in 105.28 ms, found 1 plugins.
Preloading 0 native plugins for Editor in 0.00 ms.
Initialize engine version: 2021.1.7f1 (d91830b65d9b)
[Subsystems] Discovering subsystems at path C:/Program Files/Unity/Hub/Editor/2021.1.7f1/Editor/Data/Resources/UnitySubsystems
[Subsystems] Discovering subsystems at path C:/UnityProjects/CardsOfExpanding/Assets
GfxDevice: creating device client; threaded=0; jobified=0
Direct3D:
    Version:  Direct3D 11.0 [level 11.1]
    Renderer: NVIDIA GeForce GTX 1660 Ti (ID=0x2182)
    Vendor:   NVIDIA
    VRAM:     5991 MB
    Driver:   30.0.14.7141
Initialize mono
Mono path[0] = 'C:/Program Files/Unity/Hub/Editor/2021.1.7f1/Editor/Data/Managed'
Mono path[1] = 'C:/Program Files/Unity/Hub/Editor/2021.1.7f1/Editor/Data/MonoBleedingEdge/lib/mono/unityjit'
Mono config path = 'C:/Program Files/Unity/Hub/Editor/2021.1.7f1/Editor/Data/MonoBleedingEdge/etc'
Using monoOptions --debugger-agent=transport=dt_socket,embedding=1,server=y,suspend=n,address=127.0.0.1:56640
Begin MonoManager ReloadAssembly
Registering precompiled unity dll's ...
Register platform support module: C:/Program Files/Unity/Hub/Editor/2021.1.7f1/Editor/Data/PlaybackEngines/WindowsStandaloneSupport/UnityEditor.WindowsStandalone.Extensions.dll
Registered in 0.001847 seconds.
Native extension for WindowsStandalone target not found
Refreshing native plugins compatible for Editor in 114.28 ms, found 1 plugins.
Preloading 0 native plugins for Editor in 0.00 ms.
Mono: successfully reloaded assembly
- Completed reload, in  1.823 seconds
Platform modules already initialized, skipping
Registering precompiled user dll's ...
Registered in 0.002645 seconds.
Begin MonoManager ReloadAssembly
Symbol file LoadedFromMemory doesn't match image C:\UnityProjects\CardsOfExpanding\Library\PackageCache\com.unity.visualscripting@1.6.1\Editor\VisualScripting.Core\Dependencies\YamlDotNet\Unity.VisualScripting.YamlDotNet.dll
Symbol file LoadedFromMemory doesn't match image C:\UnityProjects\CardsOfExpanding\Library\PackageCache\com.unity.visualscripting@1.6.1\Editor\VisualScripting.Core\Dependencies\DotNetZip\Unity.VisualScripting.IonicZip.dll
Native extension for WindowsStandalone target not found
Refreshing native plugins compatible for Editor in 115.05 ms, found 1 plugins.
Preloading 0 native plugins for Editor in 0.00 ms.
Mono: successfully reloaded assembly
- Completed reload, in  1.378 seconds
Platform modules already initialized, skipping
========================================================================
Worker process is ready to serve import requests
Shader 'Universal Render Pipeline/Particles/Lit': fallback shader 'Universal Render Pipeline/Particles/SimpleLit' not found
Shader 'Universal Render Pipeline/Particles/Lit': fallback shader 'Universal Render Pipeline/Particles/SimpleLit' not found
Launched and connected shader compiler UnityShaderCompiler.exe after 0.04 seconds
Refreshing native plugins compatible for Editor in 1.15 ms, found 1 plugins.
Preloading 0 native plugins for Editor in 0.00 ms.
Unloading 5217 Unused Serialized files (Serialized files now loaded: 0)
System memory in use before: 205.4 MB.
System memory in use after: 204.1 MB.

Unloading 140 unused Assets to reduce memory usage. Loaded Objects now: 5635.
Total: 4.213300 ms (FindLiveObjects: 0.565300 ms CreateObjectMapping: 0.141200 ms MarkObjects: 2.553500 ms  DeleteObjects: 0.952700 ms)

========================================================================
Received Import Request.
  path: Assets/Scripts/HexGrid/HexGridPropertiesManager.cs
  artifactKey: Guid(249163ee8d7e47c4ba336c62c1f8eccd) Importer(815301076,1909f56bfc062723c751e8b465ee728b)
Start importing Assets/Scripts/HexGrid/HexGridPropertiesManager.cs using Guid(249163ee8d7e47c4ba336c62c1f8eccd) Importer(815301076,1909f56bfc062723c751e8b465ee728b)  -> (artifact id: 'a1cb1878f43a615065da35eea0f7d4e3') in 0.032252 seconds 
========================================================================
Received Import Request.
  Time since last request: 4.726820 seconds.
  path: Assets/Scripts/HexGrid/HexGridPropertiesManager1.cs
  artifactKey: Guid(ed05998b9a877f5488ee42426af58ea1) Importer(815301076,1909f56bfc062723c751e8b465ee728b)
Start importing Assets/Scripts/HexGrid/HexGridPropertiesManager1.cs using Guid(ed05998b9a877f5488ee42426af58ea1) Importer(815301076,1909f56bfc062723c751e8b465ee728b)  -> (artifact id: '0e16abcfde9a56a8a2fa3687b229539e') in 0.006090 seconds 
========================================================================
Received Import Request.
  Time since last request: 4.841652 seconds.
  path: Assets/Scripts/HexGrid/HexGridPropertiesManagerInspector.cs
  artifactKey: Guid(ed05998b9a877f5488ee42426af58ea1) Importer(815301076,1909f56bfc062723c751e8b465ee728b)
Start importing Assets/Scripts/HexGrid/HexGridPropertiesManagerInspector.cs using Guid(ed05998b9a877f5488ee42426af58ea1) Importer(815301076,1909f56bfc062723c751e8b465ee728b)  -> (artifact id: 'b82e238bcedfaa19454f2dc39693c324') in 0.006847 seconds 
========================================================================
Received Prepare
Registering precompiled user dll's ...
Registered in 0.002983 seconds.
Begin MonoManager ReloadAssembly
Symbol file LoadedFromMemory doesn't match image C:\UnityProjects\CardsOfExpanding\Library\PackageCache\com.unity.visualscripting@1.6.1\Editor\VisualScripting.Core\Dependencies\YamlDotNet\Unity.VisualScripting.YamlDotNet.dll
Symbol file LoadedFromMemory doesn't match image C:\UnityProjects\CardsOfExpanding\Library\PackageCache\com.unity.visualscripting@1.6.1\Editor\VisualScripting.Core\Dependencies\DotNetZip\Unity.VisualScripting.IonicZip.dll
Native extension for WindowsStandalone target not found
Refreshing native plugins compatible for Editor in 1.20 ms, found 1 plugins.
Preloading 0 native plugins for Editor in 0.00 ms.
Warning: Annotation not found!
UnityEngine.StackTraceUtility:ExtractStackTrace ()
UnityEditor.ProBuilder.EditorUtility:SetGizmoIconEnabled (System.Type,bool) (at Library/PackageCache/com.unity.probuilder@5.0.3/Editor/EditorCore/EditorUtility.cs:575)
UnityEditor.ProBuilder.HierarchyListener:.cctor () (at Library/PackageCache/com.unity.probuilder@5.0.3/Editor/EditorCore/HierarchyListener.cs:21)
System.Runtime.CompilerServices.RuntimeHelpers:RunClassConstructor (System.RuntimeTypeHandle)
UnityEditor.EditorAssemblies:ProcessInitializeOnLoadAttributes (System.Type[])

[Library/PackageCache/com.unity.probuilder@5.0.3/Editor/EditorCore/EditorUtility.cs line 575]

Mono: successfully reloaded assembly
- Completed reload, in  1.036 seconds
Platform modules already initialized, skipping
Shader 'Universal Render Pipeline/Particles/Lit': fallback shader 'Universal Render Pipeline/Particles/SimpleLit' not found
Shader 'Universal Render Pipeline/Particles/Lit': fallback shader 'Universal Render Pipeline/Particles/SimpleLit' not found
Refreshing native plugins compatible for Editor in 1.58 ms, found 1 plugins.
Preloading 0 native plugins for Editor in 0.00 ms.
Unloading 5070 Unused Serialized files (Serialized files now loaded: 0)
System memory in use before: 196.4 MB.
System memory in use after: 195.0 MB.

Unloading 37 unused Assets to reduce memory usage. Loaded Objects now: 5639.
Total: 3.960500 ms (FindLiveObjects: 0.552000 ms CreateObjectMapping: 0.124800 ms MarkObjects: 2.471700 ms  DeleteObjects: 0.810400 ms)

========================================================================
Received Prepare
Registering precompiled user dll's ...
Registered in 0.002909 seconds.
Begin MonoManager ReloadAssembly
Symbol file LoadedFromMemory doesn't match image C:\UnityProjects\CardsOfExpanding\Library\PackageCache\com.unity.visualscripting@1.6.1\Editor\VisualScripting.Core\Dependencies\YamlDotNet\Unity.VisualScripting.YamlDotNet.dll
Symbol file LoadedFromMemory doesn't match image C:\UnityProjects\CardsOfExpanding\Library\PackageCache\com.unity.visualscripting@1.6.1\Editor\VisualScripting.Core\Dependencies\DotNetZip\Unity.VisualScripting.IonicZip.dll
Native extension for WindowsStandalone target not found
Refreshing native plugins compatible for Editor in 1.09 ms, found 1 plugins.
Preloading 0 native plugins for Editor in 0.00 ms.
Warning: Annotation not found!
UnityEngine.StackTraceUtility:ExtractStackTrace ()
UnityEditor.ProBuilder.EditorUtility:SetGizmoIconEnabled (System.Type,bool) (at Library/PackageCache/com.unity.probuilder@5.0.3/Editor/EditorCore/EditorUtility.cs:575)
UnityEditor.ProBuilder.HierarchyListener:.cctor () (at Library/PackageCache/com.unity.probuilder@5.0.3/Editor/EditorCore/HierarchyListener.cs:21)
System.Runtime.CompilerServices.RuntimeHelpers:RunClassConstructor (System.RuntimeTypeHandle)
UnityEditor.EditorAssemblies:ProcessInitializeOnLoadAttributes (System.Type[])

[Library/PackageCache/com.unity.probuilder@5.0.3/Editor/EditorCore/EditorUtility.cs line 575]

Mono: successfully reloaded assembly
- Completed reload, in  1.003 seconds
Platform modules already initialized, skipping
Shader 'Universal Render Pipeline/Particles/Lit': fallback shader 'Universal Render Pipeline/Particles/SimpleLit' not found
Shader 'Universal Render Pipeline/Particles/Lit': fallback shader 'Universal Render Pipeline/Particles/SimpleLit' not found
Refreshing native plugins compatible for Editor in 1.11 ms, found 1 plugins.
Preloading 0 native plugins for Editor in 0.00 ms.
Unloading 5070 Unused Serialized files (Serialized files now loaded: 0)
System memory in use before: 196.5 MB.
System memory in use after: 195.1 MB.

Unloading 37 unused Assets to reduce memory usage. Loaded Objects now: 5642.
Total: 4.662900 ms (FindLiveObjects: 0.825900 ms CreateObjectMapping: 0.144500 ms MarkObjects: 2.876100 ms  DeleteObjects: 0.815500 ms)

========================================================================
Received Import Request.
  Time since last request: 280.536410 seconds.
  path: Assets/Prefabs/GameItems/Berries.prefab
  artifactKey: Guid(a804a68c26b14a242bfb0bd523b3a01d) Importer(815301076,1909f56bfc062723c751e8b465ee728b)
Start importing Assets/Prefabs/GameItems/Berries.prefab using Guid(a804a68c26b14a242bfb0bd523b3a01d) Importer(815301076,1909f56bfc062723c751e8b465ee728b)  -> (artifact id: '13d33a723aae292246b36a212aa5e5b7') in 0.231147 seconds 
========================================================================
Received Import Request.
  Time since last request: 16.935000 seconds.
  path: Assets/BlenderModels/BlenderMats/Bush.mat
  artifactKey: Guid(4c469d9bf3748f542a884f278ad5e7f1) Importer(815301076,1909f56bfc062723c751e8b465ee728b)
Start importing Assets/BlenderModels/BlenderMats/Bush.mat using Guid(4c469d9bf3748f542a884f278ad5e7f1) Importer(815301076,1909f56bfc062723c751e8b465ee728b)  -> (artifact id: '2f263b1deb01b7a2bfc05e053eff14a4') in 0.026116 seconds 
========================================================================
Received Import Request.
  Time since last request: 0.000302 seconds.
  path: Assets/BlenderModels/BlenderMats/House.mat
  artifactKey: Guid(a65ca42b92f8af54f8cc87b44db06a83) Importer(815301076,1909f56bfc062723c751e8b465ee728b)
Start importing Assets/BlenderModels/BlenderMats/House.mat using Guid(a65ca42b92f8af54f8cc87b44db06a83) Importer(815301076,1909f56bfc062723c751e8b465ee728b)  -> (artifact id: '505fd84cfc35b15f24c2d4c50ca083ec') in 0.016622 seconds 
========================================================================
Received Import Request.
  Time since last request: 0.000185 seconds.
  path: Assets/BlenderModels/BlenderMats/TreeGreen.mat
  artifactKey: Guid(ac5c3d7a3c04f4e41af115062a3170b7) Importer(815301076,1909f56bfc062723c751e8b465ee728b)
Start importing Assets/BlenderModels/BlenderMats/TreeGreen.mat using Guid(ac5c3d7a3c04f4e41af115062a3170b7) Importer(815301076,1909f56bfc062723c751e8b465ee728b)  -> (artifact id: '9445d73a81d167eb74f3bf238fedf74b') in 0.014865 seconds 
========================================================================
Received Prepare
Registering precompiled user dll's ...
Registered in 0.003087 seconds.
Begin MonoManager ReloadAssembly
Symbol file LoadedFromMemory doesn't match image C:\UnityProjects\CardsOfExpanding\Library\PackageCache\com.unity.visualscripting@1.6.1\Editor\VisualScripting.Core\Dependencies\YamlDotNet\Unity.VisualScripting.YamlDotNet.dll
Symbol file LoadedFromMemory doesn't match image C:\UnityProjects\CardsOfExpanding\Library\PackageCache\com.unity.visualscripting@1.6.1\Editor\VisualScripting.Core\Dependencies\DotNetZip\Unity.VisualScripting.IonicZip.dll
Native extension for WindowsStandalone target not found
Refreshing native plugins compatible for Editor in 1.17 ms, found 1 plugins.
Preloading 0 native plugins for Editor in 0.00 ms.
Warning: Annotation not found!
UnityEngine.StackTraceUtility:ExtractStackTrace ()
UnityEditor.ProBuilder.EditorUtility:SetGizmoIconEnabled (System.Type,bool) (at Library/PackageCache/com.unity.probuilder@5.0.3/Editor/EditorCore/EditorUtility.cs:575)
UnityEditor.ProBuilder.HierarchyListener:.cctor () (at Library/PackageCache/com.unity.probuilder@5.0.3/Editor/EditorCore/HierarchyListener.cs:21)
System.Runtime.CompilerServices.RuntimeHelpers:RunClassConstructor (System.RuntimeTypeHandle)
UnityEditor.EditorAssemblies:ProcessInitializeOnLoadAttributes (System.Type[])

[Library/PackageCache/com.unity.probuilder@5.0.3/Editor/EditorCore/EditorUtility.cs line 575]

Mono: successfully reloaded assembly
- Completed reload, in  1.049 seconds
Platform modules already initialized, skipping
Shader 'Universal Render Pipeline/Particles/Lit': fallback shader 'Universal Render Pipeline/Particles/SimpleLit' not found
Shader 'Universal Render Pipeline/Particles/Lit': fallback shader 'Universal Render Pipeline/Particles/SimpleLit' not found
Refreshing native plugins compatible for Editor in 1.10 ms, found 1 plugins.
Preloading 0 native plugins for Editor in 0.00 ms.
Unloading 5070 Unused Serialized files (Serialized files now loaded: 0)
System memory in use before: 202.4 MB.
System memory in use after: 201.0 MB.

Unloading 37 unused Assets to reduce memory usage. Loaded Objects now: 5723.
Total: 6.121500 ms (FindLiveObjects: 0.668200 ms CreateObjectMapping: 0.171600 ms MarkObjects: 4.214300 ms  DeleteObjects: 1.065900 ms)

========================================================================
Received Import Request.
  Time since last request: 689.481276 seconds.
  path: Assets/Prefabs/GameItems/House.prefab
  artifactKey: Guid(627622a22d0285644940ea98f65dc01a) Importer(815301076,1909f56bfc062723c751e8b465ee728b)
Start importing Assets/Prefabs/GameItems/House.prefab using Guid(627622a22d0285644940ea98f65dc01a) Importer(815301076,1909f56bfc062723c751e8b465ee728b)  -> (artifact id: '157b39818f24c3e465fd729729a098ce') in 0.179320 seconds 
========================================================================
Received Import Request.
  Time since last request: 6.171477 seconds.
  path: Assets/BlenderModels/BlenderMats/Berries.mat
  artifactKey: Guid(1ee9c9910234dac4db7dad80feb188a4) Importer(815301076,1909f56bfc062723c751e8b465ee728b)
Start importing Assets/BlenderModels/BlenderMats/Berries.mat using Guid(1ee9c9910234dac4db7dad80feb188a4) Importer(815301076,1909f56bfc062723c751e8b465ee728b)  -> (artifact id: 'a5e9e419ca2d469ee6d73f393410b0fe') in 0.026825 seconds 
========================================================================
Received Import Request.
  Time since last request: 0.000228 seconds.
  path: Assets/Materials/Stone.mat
  artifactKey: Guid(2944636f0c666b64eac754d0e9ceca50) Importer(815301076,1909f56bfc062723c751e8b465ee728b)
Start importing Assets/Materials/Stone.mat using Guid(2944636f0c666b64eac754d0e9ceca50) Importer(815301076,1909f56bfc062723c751e8b465ee728b)  -> (artifact id: '25661ffe5bbe0d8cf2cdd1e7d87da8d7') in 0.043877 seconds 
========================================================================
Received Import Request.
  Time since last request: 0.000243 seconds.
  path: Assets/BlenderModels/BlenderMats/HouseRed.mat
  artifactKey: Guid(c772738afbac31d42953401991ff06be) Importer(815301076,1909f56bfc062723c751e8b465ee728b)
Start importing Assets/BlenderModels/BlenderMats/HouseRed.mat using Guid(c772738afbac31d42953401991ff06be) Importer(815301076,1909f56bfc062723c751e8b465ee728b)  -> (artifact id: '164a283c8b124657dbef5b3321209585') in 0.027126 seconds 
========================================================================
Received Import Request.
  Time since last request: 0.000238 seconds.
  path: Assets/BlenderModels/BlenderMats/Bush.mat
  artifactKey: Guid(4c469d9bf3748f542a884f278ad5e7f1) Importer(815301076,1909f56bfc062723c751e8b465ee728b)
Start importing Assets/BlenderModels/BlenderMats/Bush.mat using Guid(4c469d9bf3748f542a884f278ad5e7f1) Importer(815301076,1909f56bfc062723c751e8b465ee728b)  -> (artifact id: 'd2961133933ca39a3a23c4e43ae4a5a6') in 0.038238 seconds 
========================================================================
Received Import Request.
  Time since last request: 0.000190 seconds.
  path: Assets/BlenderModels/BlenderMats/HouseBlue.mat
  artifactKey: Guid(8408da53c413ad943a45c8a547418b3c) Importer(815301076,1909f56bfc062723c751e8b465ee728b)
Start importing Assets/BlenderModels/BlenderMats/HouseBlue.mat using Guid(8408da53c413ad943a45c8a547418b3c) Importer(815301076,1909f56bfc062723c751e8b465ee728b)  -> (artifact id: '9ff266524f4b7214481481f246bdc7d3') in 0.042263 seconds 
========================================================================
Received Import Request.
  Time since last request: 0.000132 seconds.
  path: Assets/BlenderModels/BlenderMats/HouseGreen.mat
  artifactKey: Guid(6734a4544f07d1d46af4642a41c36c3b) Importer(815301076,1909f56bfc062723c751e8b465ee728b)
Start importing Assets/BlenderModels/BlenderMats/HouseGreen.mat using Guid(6734a4544f07d1d46af4642a41c36c3b) Importer(815301076,1909f56bfc062723c751e8b465ee728b)  -> (artifact id: 'e5dca1ecf358deb2202a82cdd7d40267') in 0.018497 seconds 
========================================================================
Received Import Request.
  Time since last request: 112.012179 seconds.
  path: Assets/Presets/NormalTexture.preset
  artifactKey: Guid(14a57cf3b9fa1c74b884aa7e0dcf1faa) Importer(815301076,1909f56bfc062723c751e8b465ee728b)
Start importing Assets/Presets/NormalTexture.preset using Guid(14a57cf3b9fa1c74b884aa7e0dcf1faa) Importer(815301076,1909f56bfc062723c751e8b465ee728b)  -> (artifact id: '9c195482fc53bc4f53f643643f636469') in 0.010798 seconds 
========================================================================
Received Import Request.
  Time since last request: 0.324612 seconds.
  path: Assets/Presets/UtilityTexture.preset
  artifactKey: Guid(45f7b2e3c78185248b3adbb14429c2ab) Importer(815301076,1909f56bfc062723c751e8b465ee728b)
Start importing Assets/Presets/UtilityTexture.preset using Guid(45f7b2e3c78185248b3adbb14429c2ab) Importer(815301076,1909f56bfc062723c751e8b465ee728b)  -> (artifact id: 'ab9c1faeeb59b745cafa0ae79c874a42') in 0.007900 seconds 
========================================================================
Received Import Request.
  Time since last request: 1.972480 seconds.
  path: Assets/Presets/Defaults/AlbedoTexture_Default.preset
  artifactKey: Guid(e8537455c6c08bd4e8bf0be3707da685) Importer(815301076,1909f56bfc062723c751e8b465ee728b)
Start importing Assets/Presets/Defaults/AlbedoTexture_Default.preset using Guid(e8537455c6c08bd4e8bf0be3707da685) Importer(815301076,1909f56bfc062723c751e8b465ee728b)  -> (artifact id: 'a39f5c6fcb9ea97bf434963b23d33ea7') in 0.008136 seconds 
========================================================================
Received Import Request.
  Time since last request: 0.390489 seconds.
  path: Assets/Presets/Defaults/AudioDecompressOnLoad.preset
  artifactKey: Guid(e7689051185d12f4298e1ebb2693a29f) Importer(815301076,1909f56bfc062723c751e8b465ee728b)
Start importing Assets/Presets/Defaults/AudioDecompressOnLoad.preset using Guid(e7689051185d12f4298e1ebb2693a29f) Importer(815301076,1909f56bfc062723c751e8b465ee728b)  -> (artifact id: '89d1cf06e67cef88edace491fed66d7e') in 0.007575 seconds 
========================================================================
Received Import Request.
  Time since last request: 0.302287 seconds.
  path: Assets/Presets/Defaults/DirectionalLight_Default.preset
  artifactKey: Guid(463065d4f17d1d94d848aa127b94dd43) Importer(815301076,1909f56bfc062723c751e8b465ee728b)
Start importing Assets/Presets/Defaults/DirectionalLight_Default.preset using Guid(463065d4f17d1d94d848aa127b94dd43) Importer(815301076,1909f56bfc062723c751e8b465ee728b)  -> (artifact id: '51a078c6ae54eb254be36a9378726b4a') in 0.006765 seconds 
========================================================================
Received Prepare
Registering precompiled user dll's ...
Registered in 0.002870 seconds.
Begin MonoManager ReloadAssembly
Symbol file LoadedFromMemory doesn't match image C:\UnityProjects\CardsOfExpanding\Library\PackageCache\com.unity.visualscripting@1.6.1\Editor\VisualScripting.Core\Dependencies\YamlDotNet\Unity.VisualScripting.YamlDotNet.dll
Symbol file LoadedFromMemory doesn't match image C:\UnityProjects\CardsOfExpanding\Library\PackageCache\com.unity.visualscripting@1.6.1\Editor\VisualScripting.Core\Dependencies\DotNetZip\Unity.VisualScripting.IonicZip.dll
Native extension for WindowsStandalone target not found
Refreshing native plugins compatible for Editor in 1.06 ms, found 1 plugins.
Preloading 0 native plugins for Editor in 0.00 ms.
Warning: Annotation not found!
UnityEngine.StackTraceUtility:ExtractStackTrace ()
UnityEditor.ProBuilder.EditorUtility:SetGizmoIconEnabled (System.Type,bool) (at Library/PackageCache/com.unity.probuilder@5.0.3/Editor/EditorCore/EditorUtility.cs:575)
UnityEditor.ProBuilder.HierarchyListener:.cctor () (at Library/PackageCache/com.unity.probuilder@5.0.3/Editor/EditorCore/HierarchyListener.cs:21)
System.Runtime.CompilerServices.RuntimeHelpers:RunClassConstructor (System.RuntimeTypeHandle)
UnityEditor.EditorAssemblies:ProcessInitializeOnLoadAttributes (System.Type[])

[Library/PackageCache/com.unity.probuilder@5.0.3/Editor/EditorCore/EditorUtility.cs line 575]

Mono: successfully reloaded assembly
- Completed reload, in  1.068 seconds
Platform modules already initialized, skipping
Shader 'Universal Render Pipeline/Particles/Lit': fallback shader 'Universal Render Pipeline/Particles/SimpleLit' not found
Shader 'Universal Render Pipeline/Particles/Lit': fallback shader 'Universal Render Pipeline/Particles/SimpleLit' not found
Refreshing native plugins compatible for Editor in 1.14 ms, found 1 plugins.
Preloading 0 native plugins for Editor in 0.00 ms.
Unloading 5070 Unused Serialized files (Serialized files now loaded: 0)
System memory in use before: 202.9 MB.
System memory in use after: 201.5 MB.

Unloading 37 unused Assets to reduce memory usage. Loaded Objects now: 5762.
Total: 5.107200 ms (FindLiveObjects: 0.593900 ms CreateObjectMapping: 0.146300 ms MarkObjects: 3.520100 ms  DeleteObjects: 0.845600 ms)

